2017-11-06 12:48:10.868 DEBUG 19532 --- [main] edFilterInvocationSecurityMetadataSource : Adding web access control expression 'hasRole('READER')', for Ant [pattern='/']
2017-11-06 12:48:10.871 DEBUG 19532 --- [main] edFilterInvocationSecurityMetadataSource : Adding web access control expression 'permitAll', for Ant [pattern='/**']
2017-11-06 12:48:10.878 DEBUG 19532 --- [main] o.s.s.w.a.i.FilterSecurityInterceptor    : Validated configuration attributes
2017-11-06 12:48:10.879 DEBUG 19532 --- [main] o.s.s.w.a.i.FilterSecurityInterceptor    : Validated configuration attributes
2017-11-06 12:48:10.894  INFO 19532 --- [main] o.s.s.web.DefaultSecurityFilterChain     : Creating filter chain: org.springframework.security.web.util.matcher.AnyRequestMatcher@1, [org.springframework.security.web.context.request.async.WebAsyncManagerIntegrationFilter@2afdf6b7, org.springframework.security.web.context.SecurityContextPersistenceFilter@101bdd1c, org.springframework.security.web.header.HeaderWriterFilter@72557746, org.springframework.security.web.csrf.CsrfFilter@7e3236d, org.springframework.security.web.authentication.logout.LogoutFilter@4001d8c1, org.springframework.security.web.authentication.UsernamePasswordAuthenticationFilter@55846997, org.springframework.security.web.savedrequest.RequestCacheAwareFilter@6221b13b, org.springframework.security.web.servletapi.SecurityContextHolderAwareRequestFilter@7d9c45ee, org.springframework.security.web.authentication.AnonymousAuthenticationFilter@30922f8d, org.springframework.security.web.session.SessionManagementFilter@f723cdb, org.springframework.security.web.access.ExceptionTranslationFilter@9fe720a, org.springframework.security.web.access.intercept.FilterSecurityInterceptor@7c1503a3]
2017-11-06 12:48:11.654 DEBUG 19532 --- [main] eGlobalAuthenticationAutowiredConfigurer : Eagerly initializing {securityConfig=com.manning.readinglist.SecurityConfig$$EnhancerBySpringCGLIB$$cff9b27e@5696c927}
2017-11-06 12:48:51.139 DEBUG 19532 --- [http-nio-8000-exec-1] o.s.security.web.FilterChainProxy        : /readingList/f at position 1 of 12 in additional filter chain; firing Filter: 'WebAsyncManagerIntegrationFilter'
2017-11-06 12:48:51.140 DEBUG 19532 --- [http-nio-8000-exec-1] o.s.security.web.FilterChainProxy        : /readingList/f at position 2 of 12 in additional filter chain; firing Filter: 'SecurityContextPersistenceFilter'
2017-11-06 12:48:51.141 DEBUG 19532 --- [http-nio-8000-exec-1] w.c.HttpSessionSecurityContextRepository : No HttpSession currently exists
2017-11-06 12:48:51.141 DEBUG 19532 --- [http-nio-8000-exec-1] w.c.HttpSessionSecurityContextRepository : No SecurityContext was available from the HttpSession: null. A new one will be created.
2017-11-06 12:48:51.142 DEBUG 19532 --- [http-nio-8000-exec-1] o.s.security.web.FilterChainProxy        : /readingList/f at position 3 of 12 in additional filter chain; firing Filter: 'HeaderWriterFilter'
2017-11-06 12:48:51.143 DEBUG 19532 --- [http-nio-8000-exec-1] o.s.s.w.header.writers.HstsHeaderWriter  : Not injecting HSTS header since it did not match the requestMatcher org.springframework.security.web.header.writers.HstsHeaderWriter$SecureRequestMatcher@2e413e38
2017-11-06 12:48:51.143 DEBUG 19532 --- [http-nio-8000-exec-1] o.s.security.web.FilterChainProxy        : /readingList/f at position 4 of 12 in additional filter chain; firing Filter: 'CsrfFilter'
2017-11-06 12:48:51.144 DEBUG 19532 --- [http-nio-8000-exec-1] o.s.security.web.FilterChainProxy        : /readingList/f at position 5 of 12 in additional filter chain; firing Filter: 'LogoutFilter'
2017-11-06 12:48:51.144 DEBUG 19532 --- [http-nio-8000-exec-1] o.s.s.w.u.matcher.AntPathRequestMatcher  : Request 'GET /readingList/f' doesn't match 'POST /logout
2017-11-06 12:48:51.144 DEBUG 19532 --- [http-nio-8000-exec-1] o.s.security.web.FilterChainProxy        : /readingList/f at position 6 of 12 in additional filter chain; firing Filter: 'UsernamePasswordAuthenticationFilter'
2017-11-06 12:48:51.144 DEBUG 19532 --- [http-nio-8000-exec-1] o.s.s.w.u.matcher.AntPathRequestMatcher  : Request 'GET /readingList/f' doesn't match 'POST /login
2017-11-06 12:48:51.145 DEBUG 19532 --- [http-nio-8000-exec-1] o.s.security.web.FilterChainProxy        : /readingList/f at position 7 of 12 in additional filter chain; firing Filter: 'RequestCacheAwareFilter'
2017-11-06 12:48:51.145 DEBUG 19532 --- [http-nio-8000-exec-1] o.s.security.web.FilterChainProxy        : /readingList/f at position 8 of 12 in additional filter chain; firing Filter: 'SecurityContextHolderAwareRequestFilter'
2017-11-06 12:48:51.146 DEBUG 19532 --- [http-nio-8000-exec-1] o.s.security.web.FilterChainProxy        : /readingList/f at position 9 of 12 in additional filter chain; firing Filter: 'AnonymousAuthenticationFilter'
2017-11-06 12:48:51.147 DEBUG 19532 --- [http-nio-8000-exec-1] o.s.s.w.a.AnonymousAuthenticationFilter  : Populated SecurityContextHolder with anonymous token: 'org.springframework.security.authentication.AnonymousAuthenticationToken@9055c2bc: Principal: anonymousUser; Credentials: [PROTECTED]; Authenticated: true; Details: org.springframework.security.web.authentication.WebAuthenticationDetails@b364: RemoteIpAddress: 0:0:0:0:0:0:0:1; SessionId: null; Granted Authorities: ROLE_ANONYMOUS'
2017-11-06 12:48:51.147 DEBUG 19532 --- [http-nio-8000-exec-1] o.s.security.web.FilterChainProxy        : /readingList/f at position 10 of 12 in additional filter chain; firing Filter: 'SessionManagementFilter'
2017-11-06 12:48:51.147 DEBUG 19532 --- [http-nio-8000-exec-1] o.s.s.w.session.SessionManagementFilter  : Requested session ID 61471164CFABAE8D1DB9E49B179FB927 is invalid.
2017-11-06 12:48:51.147 DEBUG 19532 --- [http-nio-8000-exec-1] o.s.security.web.FilterChainProxy        : /readingList/f at position 11 of 12 in additional filter chain; firing Filter: 'ExceptionTranslationFilter'
2017-11-06 12:48:51.147 DEBUG 19532 --- [http-nio-8000-exec-1] o.s.security.web.FilterChainProxy        : /readingList/f at position 12 of 12 in additional filter chain; firing Filter: 'FilterSecurityInterceptor'
2017-11-06 12:48:51.148 DEBUG 19532 --- [http-nio-8000-exec-1] o.s.s.w.u.matcher.AntPathRequestMatcher  : Checking match of request : '/readingList/f'; against '/'
2017-11-06 12:48:51.148 DEBUG 19532 --- [http-nio-8000-exec-1] o.s.s.w.u.matcher.AntPathRequestMatcher  : Request '/readingList/f' matched by universal pattern '/**'
2017-11-06 12:48:51.148 DEBUG 19532 --- [http-nio-8000-exec-1] o.s.s.w.a.i.FilterSecurityInterceptor    : Secure object: FilterInvocation: URL: /readingList/f; Attributes: [permitAll]
2017-11-06 12:48:51.148 DEBUG 19532 --- [http-nio-8000-exec-1] o.s.s.w.a.i.FilterSecurityInterceptor    : Previously Authenticated: org.springframework.security.authentication.AnonymousAuthenticationToken@9055c2bc: Principal: anonymousUser; Credentials: [PROTECTED]; Authenticated: true; Details: org.springframework.security.web.authentication.WebAuthenticationDetails@b364: RemoteIpAddress: 0:0:0:0:0:0:0:1; SessionId: null; Granted Authorities: ROLE_ANONYMOUS
2017-11-06 12:48:51.153 DEBUG 19532 --- [http-nio-8000-exec-1] o.s.s.access.vote.AffirmativeBased       : Voter: org.springframework.security.web.access.expression.WebExpressionVoter@f6c5c1d, returned: 1
2017-11-06 12:48:51.153 DEBUG 19532 --- [http-nio-8000-exec-1] o.s.s.w.a.i.FilterSecurityInterceptor    : Authorization successful
2017-11-06 12:48:51.153 DEBUG 19532 --- [http-nio-8000-exec-1] o.s.s.w.a.i.FilterSecurityInterceptor    : RunAsManager did not change Authentication object
2017-11-06 12:48:51.153 DEBUG 19532 --- [http-nio-8000-exec-1] o.s.security.web.FilterChainProxy        : /readingList/f reached end of additional filter chain; proceeding with original chain
2017-11-06 12:48:51.536 DEBUG 19532 --- [http-nio-8000-exec-1] w.c.HttpSessionSecurityContextRepository : SecurityContext is empty or contents are anonymous - context will not be stored in HttpSession.
2017-11-06 12:48:51.542 DEBUG 19532 --- [http-nio-8000-exec-1] o.s.s.w.a.ExceptionTranslationFilter     : Chain processed normally
2017-11-06 12:48:51.543 DEBUG 19532 --- [http-nio-8000-exec-1] s.s.w.c.SecurityContextPersistenceFilter : SecurityContextHolder now cleared, as request processing completed
2017-11-06 12:48:51.550 DEBUG 19532 --- [http-nio-8000-exec-2] o.s.security.web.FilterChainProxy        : /style.css at position 1 of 12 in additional filter chain; firing Filter: 'WebAsyncManagerIntegrationFilter'
2017-11-06 12:48:51.551 DEBUG 19532 --- [http-nio-8000-exec-2] o.s.security.web.FilterChainProxy        : /style.css at position 2 of 12 in additional filter chain; firing Filter: 'SecurityContextPersistenceFilter'
2017-11-06 12:48:51.551 DEBUG 19532 --- [http-nio-8000-exec-2] w.c.HttpSessionSecurityContextRepository : No HttpSession currently exists
2017-11-06 12:48:51.551 DEBUG 19532 --- [http-nio-8000-exec-2] w.c.HttpSessionSecurityContextRepository : No SecurityContext was available from the HttpSession: null. A new one will be created.
2017-11-06 12:48:51.551 DEBUG 19532 --- [http-nio-8000-exec-2] o.s.security.web.FilterChainProxy        : /style.css at position 3 of 12 in additional filter chain; firing Filter: 'HeaderWriterFilter'
2017-11-06 12:48:51.552 DEBUG 19532 --- [http-nio-8000-exec-2] o.s.s.w.header.writers.HstsHeaderWriter  : Not injecting HSTS header since it did not match the requestMatcher org.springframework.security.web.header.writers.HstsHeaderWriter$SecureRequestMatcher@2e413e38
2017-11-06 12:48:51.552 DEBUG 19532 --- [http-nio-8000-exec-2] o.s.security.web.FilterChainProxy        : /style.css at position 4 of 12 in additional filter chain; firing Filter: 'CsrfFilter'
2017-11-06 12:48:51.552 DEBUG 19532 --- [http-nio-8000-exec-2] o.s.security.web.FilterChainProxy        : /style.css at position 5 of 12 in additional filter chain; firing Filter: 'LogoutFilter'
2017-11-06 12:48:51.553 DEBUG 19532 --- [http-nio-8000-exec-2] o.s.s.w.u.matcher.AntPathRequestMatcher  : Request 'GET /style.css' doesn't match 'POST /logout
2017-11-06 12:48:51.553 DEBUG 19532 --- [http-nio-8000-exec-2] o.s.security.web.FilterChainProxy        : /style.css at position 6 of 12 in additional filter chain; firing Filter: 'UsernamePasswordAuthenticationFilter'
2017-11-06 12:48:51.553 DEBUG 19532 --- [http-nio-8000-exec-2] o.s.s.w.u.matcher.AntPathRequestMatcher  : Request 'GET /style.css' doesn't match 'POST /login
2017-11-06 12:48:51.553 DEBUG 19532 --- [http-nio-8000-exec-2] o.s.security.web.FilterChainProxy        : /style.css at position 7 of 12 in additional filter chain; firing Filter: 'RequestCacheAwareFilter'
2017-11-06 12:48:51.553 DEBUG 19532 --- [http-nio-8000-exec-2] o.s.security.web.FilterChainProxy        : /style.css at position 8 of 12 in additional filter chain; firing Filter: 'SecurityContextHolderAwareRequestFilter'
2017-11-06 12:48:51.554 DEBUG 19532 --- [http-nio-8000-exec-2] o.s.security.web.FilterChainProxy        : /style.css at position 9 of 12 in additional filter chain; firing Filter: 'AnonymousAuthenticationFilter'
2017-11-06 12:48:51.554 DEBUG 19532 --- [http-nio-8000-exec-2] o.s.s.w.a.AnonymousAuthenticationFilter  : Populated SecurityContextHolder with anonymous token: 'org.springframework.security.authentication.AnonymousAuthenticationToken@9055c2bc: Principal: anonymousUser; Credentials: [PROTECTED]; Authenticated: true; Details: org.springframework.security.web.authentication.WebAuthenticationDetails@b364: RemoteIpAddress: 0:0:0:0:0:0:0:1; SessionId: null; Granted Authorities: ROLE_ANONYMOUS'
2017-11-06 12:48:51.555 DEBUG 19532 --- [http-nio-8000-exec-2] o.s.security.web.FilterChainProxy        : /style.css at position 10 of 12 in additional filter chain; firing Filter: 'SessionManagementFilter'
2017-11-06 12:48:51.555 DEBUG 19532 --- [http-nio-8000-exec-2] o.s.s.w.session.SessionManagementFilter  : Requested session ID 61471164CFABAE8D1DB9E49B179FB927 is invalid.
2017-11-06 12:48:51.555 DEBUG 19532 --- [http-nio-8000-exec-2] o.s.security.web.FilterChainProxy        : /style.css at position 11 of 12 in additional filter chain; firing Filter: 'ExceptionTranslationFilter'
2017-11-06 12:48:51.555 DEBUG 19532 --- [http-nio-8000-exec-2] o.s.security.web.FilterChainProxy        : /style.css at position 12 of 12 in additional filter chain; firing Filter: 'FilterSecurityInterceptor'
2017-11-06 12:48:51.556 DEBUG 19532 --- [http-nio-8000-exec-2] o.s.s.w.u.matcher.AntPathRequestMatcher  : Checking match of request : '/style.css'; against '/'
2017-11-06 12:48:51.556 DEBUG 19532 --- [http-nio-8000-exec-2] o.s.s.w.u.matcher.AntPathRequestMatcher  : Request '/style.css' matched by universal pattern '/**'
2017-11-06 12:48:51.556 DEBUG 19532 --- [http-nio-8000-exec-2] o.s.s.w.a.i.FilterSecurityInterceptor    : Secure object: FilterInvocation: URL: /style.css; Attributes: [permitAll]
2017-11-06 12:48:51.556 DEBUG 19532 --- [http-nio-8000-exec-2] o.s.s.w.a.i.FilterSecurityInterceptor    : Previously Authenticated: org.springframework.security.authentication.AnonymousAuthenticationToken@9055c2bc: Principal: anonymousUser; Credentials: [PROTECTED]; Authenticated: true; Details: org.springframework.security.web.authentication.WebAuthenticationDetails@b364: RemoteIpAddress: 0:0:0:0:0:0:0:1; SessionId: null; Granted Authorities: ROLE_ANONYMOUS
2017-11-06 12:48:51.556 DEBUG 19532 --- [http-nio-8000-exec-2] o.s.s.access.vote.AffirmativeBased       : Voter: org.springframework.security.web.access.expression.WebExpressionVoter@f6c5c1d, returned: 1
2017-11-06 12:48:51.556 DEBUG 19532 --- [http-nio-8000-exec-2] o.s.s.w.a.i.FilterSecurityInterceptor    : Authorization successful
2017-11-06 12:48:51.556 DEBUG 19532 --- [http-nio-8000-exec-2] o.s.s.w.a.i.FilterSecurityInterceptor    : RunAsManager did not change Authentication object
2017-11-06 12:48:51.557 DEBUG 19532 --- [http-nio-8000-exec-2] o.s.security.web.FilterChainProxy        : /style.css reached end of additional filter chain; proceeding with original chain
2017-11-06 12:48:51.566 DEBUG 19532 --- [http-nio-8000-exec-2] w.c.HttpSessionSecurityContextRepository : SecurityContext is empty or contents are anonymous - context will not be stored in HttpSession.
2017-11-06 12:48:51.568 DEBUG 19532 --- [http-nio-8000-exec-2] o.s.s.w.a.ExceptionTranslationFilter     : Chain processed normally
2017-11-06 12:48:51.569 DEBUG 19532 --- [http-nio-8000-exec-2] s.s.w.c.SecurityContextPersistenceFilter : SecurityContextHolder now cleared, as request processing completed
2017-11-06 12:48:51.578 DEBUG 19532 --- [http-nio-8000-exec-3] o.s.security.web.FilterChainProxy        : /favicon.ico at position 1 of 12 in additional filter chain; firing Filter: 'WebAsyncManagerIntegrationFilter'
2017-11-06 12:48:51.579 DEBUG 19532 --- [http-nio-8000-exec-3] o.s.security.web.FilterChainProxy        : /favicon.ico at position 2 of 12 in additional filter chain; firing Filter: 'SecurityContextPersistenceFilter'
2017-11-06 12:48:51.579 DEBUG 19532 --- [http-nio-8000-exec-3] w.c.HttpSessionSecurityContextRepository : No HttpSession currently exists
2017-11-06 12:48:51.579 DEBUG 19532 --- [http-nio-8000-exec-3] w.c.HttpSessionSecurityContextRepository : No SecurityContext was available from the HttpSession: null. A new one will be created.
2017-11-06 12:48:51.579 DEBUG 19532 --- [http-nio-8000-exec-3] o.s.security.web.FilterChainProxy        : /favicon.ico at position 3 of 12 in additional filter chain; firing Filter: 'HeaderWriterFilter'
2017-11-06 12:48:51.579 DEBUG 19532 --- [http-nio-8000-exec-3] o.s.s.w.header.writers.HstsHeaderWriter  : Not injecting HSTS header since it did not match the requestMatcher org.springframework.security.web.header.writers.HstsHeaderWriter$SecureRequestMatcher@2e413e38
2017-11-06 12:48:51.579 DEBUG 19532 --- [http-nio-8000-exec-3] o.s.security.web.FilterChainProxy        : /favicon.ico at position 4 of 12 in additional filter chain; firing Filter: 'CsrfFilter'
2017-11-06 12:48:51.579 DEBUG 19532 --- [http-nio-8000-exec-3] o.s.security.web.FilterChainProxy        : /favicon.ico at position 5 of 12 in additional filter chain; firing Filter: 'LogoutFilter'
2017-11-06 12:48:51.579 DEBUG 19532 --- [http-nio-8000-exec-3] o.s.s.w.u.matcher.AntPathRequestMatcher  : Request 'GET /favicon.ico' doesn't match 'POST /logout
2017-11-06 12:48:51.579 DEBUG 19532 --- [http-nio-8000-exec-3] o.s.security.web.FilterChainProxy        : /favicon.ico at position 6 of 12 in additional filter chain; firing Filter: 'UsernamePasswordAuthenticationFilter'
2017-11-06 12:48:51.580 DEBUG 19532 --- [http-nio-8000-exec-3] o.s.s.w.u.matcher.AntPathRequestMatcher  : Request 'GET /favicon.ico' doesn't match 'POST /login
2017-11-06 12:48:51.580 DEBUG 19532 --- [http-nio-8000-exec-3] o.s.security.web.FilterChainProxy        : /favicon.ico at position 7 of 12 in additional filter chain; firing Filter: 'RequestCacheAwareFilter'
2017-11-06 12:48:51.580 DEBUG 19532 --- [http-nio-8000-exec-3] o.s.security.web.FilterChainProxy        : /favicon.ico at position 8 of 12 in additional filter chain; firing Filter: 'SecurityContextHolderAwareRequestFilter'
2017-11-06 12:48:51.580 DEBUG 19532 --- [http-nio-8000-exec-3] o.s.security.web.FilterChainProxy        : /favicon.ico at position 9 of 12 in additional filter chain; firing Filter: 'AnonymousAuthenticationFilter'
2017-11-06 12:48:51.580 DEBUG 19532 --- [http-nio-8000-exec-3] o.s.s.w.a.AnonymousAuthenticationFilter  : Populated SecurityContextHolder with anonymous token: 'org.springframework.security.authentication.AnonymousAuthenticationToken@9055c2bc: Principal: anonymousUser; Credentials: [PROTECTED]; Authenticated: true; Details: org.springframework.security.web.authentication.WebAuthenticationDetails@b364: RemoteIpAddress: 0:0:0:0:0:0:0:1; SessionId: null; Granted Authorities: ROLE_ANONYMOUS'
2017-11-06 12:48:51.582 DEBUG 19532 --- [http-nio-8000-exec-3] o.s.security.web.FilterChainProxy        : /favicon.ico at position 10 of 12 in additional filter chain; firing Filter: 'SessionManagementFilter'
2017-11-06 12:48:51.582 DEBUG 19532 --- [http-nio-8000-exec-3] o.s.s.w.session.SessionManagementFilter  : Requested session ID 61471164CFABAE8D1DB9E49B179FB927 is invalid.
2017-11-06 12:48:51.582 DEBUG 19532 --- [http-nio-8000-exec-3] o.s.security.web.FilterChainProxy        : /favicon.ico at position 11 of 12 in additional filter chain; firing Filter: 'ExceptionTranslationFilter'
2017-11-06 12:48:51.583 DEBUG 19532 --- [http-nio-8000-exec-3] o.s.security.web.FilterChainProxy        : /favicon.ico at position 12 of 12 in additional filter chain; firing Filter: 'FilterSecurityInterceptor'
2017-11-06 12:48:51.583 DEBUG 19532 --- [http-nio-8000-exec-3] o.s.s.w.u.matcher.AntPathRequestMatcher  : Checking match of request : '/favicon.ico'; against '/'
2017-11-06 12:48:51.583 DEBUG 19532 --- [http-nio-8000-exec-3] o.s.s.w.u.matcher.AntPathRequestMatcher  : Request '/favicon.ico' matched by universal pattern '/**'
2017-11-06 12:48:51.583 DEBUG 19532 --- [http-nio-8000-exec-3] o.s.s.w.a.i.FilterSecurityInterceptor    : Secure object: FilterInvocation: URL: /favicon.ico; Attributes: [permitAll]
2017-11-06 12:48:51.583 DEBUG 19532 --- [http-nio-8000-exec-3] o.s.s.w.a.i.FilterSecurityInterceptor    : Previously Authenticated: org.springframework.security.authentication.AnonymousAuthenticationToken@9055c2bc: Principal: anonymousUser; Credentials: [PROTECTED]; Authenticated: true; Details: org.springframework.security.web.authentication.WebAuthenticationDetails@b364: RemoteIpAddress: 0:0:0:0:0:0:0:1; SessionId: null; Granted Authorities: ROLE_ANONYMOUS
2017-11-06 12:48:51.583 DEBUG 19532 --- [http-nio-8000-exec-3] o.s.s.access.vote.AffirmativeBased       : Voter: org.springframework.security.web.access.expression.WebExpressionVoter@f6c5c1d, returned: 1
2017-11-06 12:48:51.583 DEBUG 19532 --- [http-nio-8000-exec-3] o.s.s.w.a.i.FilterSecurityInterceptor    : Authorization successful
2017-11-06 12:48:51.583 DEBUG 19532 --- [http-nio-8000-exec-3] o.s.s.w.a.i.FilterSecurityInterceptor    : RunAsManager did not change Authentication object
2017-11-06 12:48:51.584 DEBUG 19532 --- [http-nio-8000-exec-3] o.s.security.web.FilterChainProxy        : /favicon.ico reached end of additional filter chain; proceeding with original chain
2017-11-06 12:48:51.598 DEBUG 19532 --- [http-nio-8000-exec-3] w.c.HttpSessionSecurityContextRepository : SecurityContext is empty or contents are anonymous - context will not be stored in HttpSession.
2017-11-06 12:48:51.599 DEBUG 19532 --- [http-nio-8000-exec-3] o.s.s.w.a.ExceptionTranslationFilter     : Chain processed normally
2017-11-06 12:48:51.600 DEBUG 19532 --- [http-nio-8000-exec-3] s.s.w.c.SecurityContextPersistenceFilter : SecurityContextHolder now cleared, as request processing completed
2017-11-06 12:50:07.241 DEBUG 6852 --- [main] edFilterInvocationSecurityMetadataSource : Adding web access control expression 'hasRole('READER')', for Ant [pattern='/']
2017-11-06 12:50:07.244 DEBUG 6852 --- [main] edFilterInvocationSecurityMetadataSource : Adding web access control expression 'permitAll', for Ant [pattern='/**']
2017-11-06 12:50:07.252 DEBUG 6852 --- [main] o.s.s.w.a.i.FilterSecurityInterceptor    : Validated configuration attributes
2017-11-06 12:50:07.253 DEBUG 6852 --- [main] o.s.s.w.a.i.FilterSecurityInterceptor    : Validated configuration attributes
2017-11-06 12:50:07.263  INFO 6852 --- [main] o.s.s.web.DefaultSecurityFilterChain     : Creating filter chain: org.springframework.security.web.util.matcher.AnyRequestMatcher@1, [org.springframework.security.web.context.request.async.WebAsyncManagerIntegrationFilter@805e72e, org.springframework.security.web.context.SecurityContextPersistenceFilter@118acf70, org.springframework.security.web.header.HeaderWriterFilter@34c53688, org.springframework.security.web.csrf.CsrfFilter@5aa781f2, org.springframework.security.web.authentication.logout.LogoutFilter@31da0434, org.springframework.security.web.authentication.UsernamePasswordAuthenticationFilter@2e56b4d, org.springframework.security.web.savedrequest.RequestCacheAwareFilter@8c12524, org.springframework.security.web.servletapi.SecurityContextHolderAwareRequestFilter@3dc68586, org.springframework.security.web.authentication.AnonymousAuthenticationFilter@49671897, org.springframework.security.web.session.SessionManagementFilter@74c9e11, org.springframework.security.web.access.ExceptionTranslationFilter@31b0f02, org.springframework.security.web.access.intercept.FilterSecurityInterceptor@be164d8]
2017-11-06 12:50:08.043 DEBUG 6852 --- [main] eGlobalAuthenticationAutowiredConfigurer : Eagerly initializing {securityConfig=com.manning.readinglist.SecurityConfig$$EnhancerBySpringCGLIB$$277a7e05@52bd9a27}
2017-11-06 12:50:39.031 DEBUG 6852 --- [http-nio-8000-exec-2] o.s.security.web.FilterChainProxy        : /readingList/k at position 1 of 12 in additional filter chain; firing Filter: 'WebAsyncManagerIntegrationFilter'
2017-11-06 12:50:39.032 DEBUG 6852 --- [http-nio-8000-exec-2] o.s.security.web.FilterChainProxy        : /readingList/k at position 2 of 12 in additional filter chain; firing Filter: 'SecurityContextPersistenceFilter'
2017-11-06 12:50:39.032 DEBUG 6852 --- [http-nio-8000-exec-2] w.c.HttpSessionSecurityContextRepository : No HttpSession currently exists
2017-11-06 12:50:39.032 DEBUG 6852 --- [http-nio-8000-exec-2] w.c.HttpSessionSecurityContextRepository : No SecurityContext was available from the HttpSession: null. A new one will be created.
2017-11-06 12:50:39.034 DEBUG 6852 --- [http-nio-8000-exec-2] o.s.security.web.FilterChainProxy        : /readingList/k at position 3 of 12 in additional filter chain; firing Filter: 'HeaderWriterFilter'
2017-11-06 12:50:39.035 DEBUG 6852 --- [http-nio-8000-exec-2] o.s.s.w.header.writers.HstsHeaderWriter  : Not injecting HSTS header since it did not match the requestMatcher org.springframework.security.web.header.writers.HstsHeaderWriter$SecureRequestMatcher@6e5e10b0
2017-11-06 12:50:39.035 DEBUG 6852 --- [http-nio-8000-exec-2] o.s.security.web.FilterChainProxy        : /readingList/k at position 4 of 12 in additional filter chain; firing Filter: 'CsrfFilter'
2017-11-06 12:50:39.036 DEBUG 6852 --- [http-nio-8000-exec-2] o.s.security.web.FilterChainProxy        : /readingList/k at position 5 of 12 in additional filter chain; firing Filter: 'LogoutFilter'
2017-11-06 12:50:39.036 DEBUG 6852 --- [http-nio-8000-exec-2] o.s.s.w.u.matcher.AntPathRequestMatcher  : Request 'GET /readingList/k' doesn't match 'POST /logout
2017-11-06 12:50:39.036 DEBUG 6852 --- [http-nio-8000-exec-2] o.s.security.web.FilterChainProxy        : /readingList/k at position 6 of 12 in additional filter chain; firing Filter: 'UsernamePasswordAuthenticationFilter'
2017-11-06 12:50:39.036 DEBUG 6852 --- [http-nio-8000-exec-2] o.s.s.w.u.matcher.AntPathRequestMatcher  : Request 'GET /readingList/k' doesn't match 'POST /login
2017-11-06 12:50:39.036 DEBUG 6852 --- [http-nio-8000-exec-2] o.s.security.web.FilterChainProxy        : /readingList/k at position 7 of 12 in additional filter chain; firing Filter: 'RequestCacheAwareFilter'
2017-11-06 12:50:39.037 DEBUG 6852 --- [http-nio-8000-exec-2] o.s.security.web.FilterChainProxy        : /readingList/k at position 8 of 12 in additional filter chain; firing Filter: 'SecurityContextHolderAwareRequestFilter'
2017-11-06 12:50:39.038 DEBUG 6852 --- [http-nio-8000-exec-2] o.s.security.web.FilterChainProxy        : /readingList/k at position 9 of 12 in additional filter chain; firing Filter: 'AnonymousAuthenticationFilter'
2017-11-06 12:50:39.039 DEBUG 6852 --- [http-nio-8000-exec-2] o.s.s.w.a.AnonymousAuthenticationFilter  : Populated SecurityContextHolder with anonymous token: 'org.springframework.security.authentication.AnonymousAuthenticationToken@9055c2bc: Principal: anonymousUser; Credentials: [PROTECTED]; Authenticated: true; Details: org.springframework.security.web.authentication.WebAuthenticationDetails@b364: RemoteIpAddress: 0:0:0:0:0:0:0:1; SessionId: null; Granted Authorities: ROLE_ANONYMOUS'
2017-11-06 12:50:39.039 DEBUG 6852 --- [http-nio-8000-exec-2] o.s.security.web.FilterChainProxy        : /readingList/k at position 10 of 12 in additional filter chain; firing Filter: 'SessionManagementFilter'
2017-11-06 12:50:39.039 DEBUG 6852 --- [http-nio-8000-exec-2] o.s.s.w.session.SessionManagementFilter  : Requested session ID 61471164CFABAE8D1DB9E49B179FB927 is invalid.
2017-11-06 12:50:39.039 DEBUG 6852 --- [http-nio-8000-exec-2] o.s.security.web.FilterChainProxy        : /readingList/k at position 11 of 12 in additional filter chain; firing Filter: 'ExceptionTranslationFilter'
2017-11-06 12:50:39.039 DEBUG 6852 --- [http-nio-8000-exec-2] o.s.security.web.FilterChainProxy        : /readingList/k at position 12 of 12 in additional filter chain; firing Filter: 'FilterSecurityInterceptor'
2017-11-06 12:50:39.040 DEBUG 6852 --- [http-nio-8000-exec-2] o.s.s.w.u.matcher.AntPathRequestMatcher  : Checking match of request : '/readingList/k'; against '/'
2017-11-06 12:50:39.040 DEBUG 6852 --- [http-nio-8000-exec-2] o.s.s.w.u.matcher.AntPathRequestMatcher  : Request '/readingList/k' matched by universal pattern '/**'
2017-11-06 12:50:39.040 DEBUG 6852 --- [http-nio-8000-exec-2] o.s.s.w.a.i.FilterSecurityInterceptor    : Secure object: FilterInvocation: URL: /readingList/k; Attributes: [permitAll]
2017-11-06 12:50:39.040 DEBUG 6852 --- [http-nio-8000-exec-2] o.s.s.w.a.i.FilterSecurityInterceptor    : Previously Authenticated: org.springframework.security.authentication.AnonymousAuthenticationToken@9055c2bc: Principal: anonymousUser; Credentials: [PROTECTED]; Authenticated: true; Details: org.springframework.security.web.authentication.WebAuthenticationDetails@b364: RemoteIpAddress: 0:0:0:0:0:0:0:1; SessionId: null; Granted Authorities: ROLE_ANONYMOUS
2017-11-06 12:50:39.045 DEBUG 6852 --- [http-nio-8000-exec-2] o.s.s.access.vote.AffirmativeBased       : Voter: org.springframework.security.web.access.expression.WebExpressionVoter@40f74cbd, returned: 1
2017-11-06 12:50:39.045 DEBUG 6852 --- [http-nio-8000-exec-2] o.s.s.w.a.i.FilterSecurityInterceptor    : Authorization successful
2017-11-06 12:50:39.045 DEBUG 6852 --- [http-nio-8000-exec-2] o.s.s.w.a.i.FilterSecurityInterceptor    : RunAsManager did not change Authentication object
2017-11-06 12:50:39.045 DEBUG 6852 --- [http-nio-8000-exec-2] o.s.security.web.FilterChainProxy        : /readingList/k reached end of additional filter chain; proceeding with original chain
2017-11-06 12:50:39.386 DEBUG 6852 --- [http-nio-8000-exec-2] w.c.HttpSessionSecurityContextRepository : SecurityContext is empty or contents are anonymous - context will not be stored in HttpSession.
2017-11-06 12:50:39.392 DEBUG 6852 --- [http-nio-8000-exec-2] o.s.s.w.a.ExceptionTranslationFilter     : Chain processed normally
2017-11-06 12:50:39.392 DEBUG 6852 --- [http-nio-8000-exec-2] s.s.w.c.SecurityContextPersistenceFilter : SecurityContextHolder now cleared, as request processing completed
2017-11-06 12:50:39.401 DEBUG 6852 --- [http-nio-8000-exec-1] o.s.security.web.FilterChainProxy        : /style.css at position 1 of 12 in additional filter chain; firing Filter: 'WebAsyncManagerIntegrationFilter'
2017-11-06 12:50:39.402 DEBUG 6852 --- [http-nio-8000-exec-1] o.s.security.web.FilterChainProxy        : /style.css at position 2 of 12 in additional filter chain; firing Filter: 'SecurityContextPersistenceFilter'
2017-11-06 12:50:39.402 DEBUG 6852 --- [http-nio-8000-exec-1] w.c.HttpSessionSecurityContextRepository : No HttpSession currently exists
2017-11-06 12:50:39.402 DEBUG 6852 --- [http-nio-8000-exec-1] w.c.HttpSessionSecurityContextRepository : No SecurityContext was available from the HttpSession: null. A new one will be created.
2017-11-06 12:50:39.402 DEBUG 6852 --- [http-nio-8000-exec-1] o.s.security.web.FilterChainProxy        : /style.css at position 3 of 12 in additional filter chain; firing Filter: 'HeaderWriterFilter'
2017-11-06 12:50:39.402 DEBUG 6852 --- [http-nio-8000-exec-1] o.s.s.w.header.writers.HstsHeaderWriter  : Not injecting HSTS header since it did not match the requestMatcher org.springframework.security.web.header.writers.HstsHeaderWriter$SecureRequestMatcher@6e5e10b0
2017-11-06 12:50:39.402 DEBUG 6852 --- [http-nio-8000-exec-1] o.s.security.web.FilterChainProxy        : /style.css at position 4 of 12 in additional filter chain; firing Filter: 'CsrfFilter'
2017-11-06 12:50:39.403 DEBUG 6852 --- [http-nio-8000-exec-1] o.s.security.web.FilterChainProxy        : /style.css at position 5 of 12 in additional filter chain; firing Filter: 'LogoutFilter'
2017-11-06 12:50:39.403 DEBUG 6852 --- [http-nio-8000-exec-1] o.s.s.w.u.matcher.AntPathRequestMatcher  : Request 'GET /style.css' doesn't match 'POST /logout
2017-11-06 12:50:39.403 DEBUG 6852 --- [http-nio-8000-exec-1] o.s.security.web.FilterChainProxy        : /style.css at position 6 of 12 in additional filter chain; firing Filter: 'UsernamePasswordAuthenticationFilter'
2017-11-06 12:50:39.403 DEBUG 6852 --- [http-nio-8000-exec-1] o.s.s.w.u.matcher.AntPathRequestMatcher  : Request 'GET /style.css' doesn't match 'POST /login
2017-11-06 12:50:39.403 DEBUG 6852 --- [http-nio-8000-exec-1] o.s.security.web.FilterChainProxy        : /style.css at position 7 of 12 in additional filter chain; firing Filter: 'RequestCacheAwareFilter'
2017-11-06 12:50:39.403 DEBUG 6852 --- [http-nio-8000-exec-1] o.s.security.web.FilterChainProxy        : /style.css at position 8 of 12 in additional filter chain; firing Filter: 'SecurityContextHolderAwareRequestFilter'
2017-11-06 12:50:39.403 DEBUG 6852 --- [http-nio-8000-exec-1] o.s.security.web.FilterChainProxy        : /style.css at position 9 of 12 in additional filter chain; firing Filter: 'AnonymousAuthenticationFilter'
2017-11-06 12:50:39.404 DEBUG 6852 --- [http-nio-8000-exec-1] o.s.s.w.a.AnonymousAuthenticationFilter  : Populated SecurityContextHolder with anonymous token: 'org.springframework.security.authentication.AnonymousAuthenticationToken@9055c2bc: Principal: anonymousUser; Credentials: [PROTECTED]; Authenticated: true; Details: org.springframework.security.web.authentication.WebAuthenticationDetails@b364: RemoteIpAddress: 0:0:0:0:0:0:0:1; SessionId: null; Granted Authorities: ROLE_ANONYMOUS'
2017-11-06 12:50:39.404 DEBUG 6852 --- [http-nio-8000-exec-1] o.s.security.web.FilterChainProxy        : /style.css at position 10 of 12 in additional filter chain; firing Filter: 'SessionManagementFilter'
2017-11-06 12:50:39.404 DEBUG 6852 --- [http-nio-8000-exec-1] o.s.s.w.session.SessionManagementFilter  : Requested session ID 61471164CFABAE8D1DB9E49B179FB927 is invalid.
2017-11-06 12:50:39.404 DEBUG 6852 --- [http-nio-8000-exec-1] o.s.security.web.FilterChainProxy        : /style.css at position 11 of 12 in additional filter chain; firing Filter: 'ExceptionTranslationFilter'
2017-11-06 12:50:39.404 DEBUG 6852 --- [http-nio-8000-exec-1] o.s.security.web.FilterChainProxy        : /style.css at position 12 of 12 in additional filter chain; firing Filter: 'FilterSecurityInterceptor'
2017-11-06 12:50:39.404 DEBUG 6852 --- [http-nio-8000-exec-1] o.s.s.w.u.matcher.AntPathRequestMatcher  : Checking match of request : '/style.css'; against '/'
2017-11-06 12:50:39.404 DEBUG 6852 --- [http-nio-8000-exec-1] o.s.s.w.u.matcher.AntPathRequestMatcher  : Request '/style.css' matched by universal pattern '/**'
2017-11-06 12:50:39.404 DEBUG 6852 --- [http-nio-8000-exec-1] o.s.s.w.a.i.FilterSecurityInterceptor    : Secure object: FilterInvocation: URL: /style.css; Attributes: [permitAll]
2017-11-06 12:50:39.404 DEBUG 6852 --- [http-nio-8000-exec-1] o.s.s.w.a.i.FilterSecurityInterceptor    : Previously Authenticated: org.springframework.security.authentication.AnonymousAuthenticationToken@9055c2bc: Principal: anonymousUser; Credentials: [PROTECTED]; Authenticated: true; Details: org.springframework.security.web.authentication.WebAuthenticationDetails@b364: RemoteIpAddress: 0:0:0:0:0:0:0:1; SessionId: null; Granted Authorities: ROLE_ANONYMOUS
2017-11-06 12:50:39.405 DEBUG 6852 --- [http-nio-8000-exec-1] o.s.s.access.vote.AffirmativeBased       : Voter: org.springframework.security.web.access.expression.WebExpressionVoter@40f74cbd, returned: 1
2017-11-06 12:50:39.405 DEBUG 6852 --- [http-nio-8000-exec-1] o.s.s.w.a.i.FilterSecurityInterceptor    : Authorization successful
2017-11-06 12:50:39.405 DEBUG 6852 --- [http-nio-8000-exec-1] o.s.s.w.a.i.FilterSecurityInterceptor    : RunAsManager did not change Authentication object
2017-11-06 12:50:39.405 DEBUG 6852 --- [http-nio-8000-exec-1] o.s.security.web.FilterChainProxy        : /style.css reached end of additional filter chain; proceeding with original chain
2017-11-06 12:50:39.416 DEBUG 6852 --- [http-nio-8000-exec-1] w.c.HttpSessionSecurityContextRepository : SecurityContext is empty or contents are anonymous - context will not be stored in HttpSession.
2017-11-06 12:50:39.418 DEBUG 6852 --- [http-nio-8000-exec-1] o.s.s.w.a.ExceptionTranslationFilter     : Chain processed normally
2017-11-06 12:50:39.418 DEBUG 6852 --- [http-nio-8000-exec-1] s.s.w.c.SecurityContextPersistenceFilter : SecurityContextHolder now cleared, as request processing completed
